2019-07-07T18:08:21+00:00 CRITICAL Uncaught Error: Call to undefined function paginate() in /var/www/html/wp-content/themes/mv/page-templates/page-blog.php:31
Stack trace:
#0 /var/www/html/wp-includes/template-loader.php(74): include()
#1 /var/www/html/wp-blog-header.php(19): require_once('/var/www/html/w...')
#2 /var/www/html/index.php(17): require('/var/www/html/w...')
#3 {main}
  thrown in /var/www/html/wp-content/themes/mv/page-templates/page-blog.php on line 31

2019-07-07T18:10:35+00:00 CRITICAL Uncaught Error: Call to undefined function paginate() in /var/www/html/wp-content/themes/mv/page-templates/page-blog.php:31
Stack trace:
#0 /var/www/html/wp-includes/template-loader.php(74): include()
#1 /var/www/html/wp-blog-header.php(19): require_once('/var/www/html/w...')
#2 /var/www/html/index.php(17): require('/var/www/html/w...')
#3 {main}
  thrown in /var/www/html/wp-content/themes/mv/page-templates/page-blog.php on line 31

2019-07-07T18:11:23+00:00 CRITICAL Uncaught Error: Call to undefined function paginate() in /var/www/html/wp-content/themes/mv/page-templates/page-blog.php:31
Stack trace:
#0 /var/www/html/wp-includes/template-loader.php(74): include()
#1 /var/www/html/wp-blog-header.php(19): require_once('/var/www/html/w...')
#2 /var/www/html/index.php(17): require('/var/www/html/w...')
#3 {main}
  thrown in /var/www/html/wp-content/themes/mv/page-templates/page-blog.php on line 31

2019-07-07T18:11:24+00:00 CRITICAL Uncaught Error: Call to undefined function paginate() in /var/www/html/wp-content/themes/mv/page-templates/page-blog.php:31
Stack trace:
#0 /var/www/html/wp-includes/template-loader.php(74): include()
#1 /var/www/html/wp-blog-header.php(19): require_once('/var/www/html/w...')
#2 /var/www/html/index.php(17): require('/var/www/html/w...')
#3 {main}
  thrown in /var/www/html/wp-content/themes/mv/page-templates/page-blog.php on line 31

2019-07-07T18:11:28+00:00 CRITICAL Uncaught Error: Call to undefined function paginate() in /var/www/html/wp-content/themes/mv/page-templates/page-blog.php:31
Stack trace:
#0 /var/www/html/wp-includes/template-loader.php(74): include()
#1 /var/www/html/wp-blog-header.php(19): require_once('/var/www/html/w...')
#2 /var/www/html/index.php(17): require('/var/www/html/w...')
#3 {main}
  thrown in /var/www/html/wp-content/themes/mv/page-templates/page-blog.php on line 31

2019-07-07T18:11:35+00:00 CRITICAL Uncaught Error: Call to undefined function paginate() in /var/www/html/wp-content/themes/mv/page-templates/page-blog.php:31
Stack trace:
#0 /var/www/html/wp-includes/template-loader.php(74): include()
#1 /var/www/html/wp-blog-header.php(19): require_once('/var/www/html/w...')
#2 /var/www/html/index.php(17): require('/var/www/html/w...')
#3 {main}
  thrown in /var/www/html/wp-content/themes/mv/page-templates/page-blog.php on line 31

2019-07-07T18:11:48+00:00 CRITICAL Uncaught Error: Call to undefined function paginate() in /var/www/html/wp-content/themes/mv/page-templates/page-blog.php:31
Stack trace:
#0 /var/www/html/wp-includes/template-loader.php(74): include()
#1 /var/www/html/wp-blog-header.php(19): require_once('/var/www/html/w...')
#2 /var/www/html/index.php(17): require('/var/www/html/w...')
#3 {main}
  thrown in /var/www/html/wp-content/themes/mv/page-templates/page-blog.php on line 31

2019-07-07T18:12:49+00:00 CRITICAL Uncaught Error: Call to undefined function paginate() in /var/www/html/wp-content/themes/mv/page-templates/page-blog.php:31
Stack trace:
#0 /var/www/html/wp-includes/template-loader.php(74): include()
#1 /var/www/html/wp-blog-header.php(19): require_once('/var/www/html/w...')
#2 /var/www/html/index.php(17): require('/var/www/html/w...')
#3 {main}
  thrown in /var/www/html/wp-content/themes/mv/page-templates/page-blog.php on line 31

2019-07-07T18:13:14+00:00 CRITICAL Uncaught Error: Call to undefined function paginate() in /var/www/html/wp-content/themes/mv/page-templates/page-blog.php:31
Stack trace:
#0 /var/www/html/wp-includes/template-loader.php(74): include()
#1 /var/www/html/wp-blog-header.php(19): require_once('/var/www/html/w...')
#2 /var/www/html/index.php(17): require('/var/www/html/w...')
#3 {main}
  thrown in /var/www/html/wp-content/themes/mv/page-templates/page-blog.php on line 31

2019-07-07T18:14:23+00:00 CRITICAL Uncaught Error: Call to undefined function paginate() in /var/www/html/wp-content/themes/mv/page-templates/page-blog.php:31
Stack trace:
#0 /var/www/html/wp-includes/template-loader.php(74): include()
#1 /var/www/html/wp-blog-header.php(19): require_once('/var/www/html/w...')
#2 /var/www/html/index.php(17): require('/var/www/html/w...')
#3 {main}
  thrown in /var/www/html/wp-content/themes/mv/page-templates/page-blog.php on line 31

2019-07-07T18:14:46+00:00 CRITICAL Uncaught Error: Call to undefined function paginate() in /var/www/html/wp-content/themes/mv/page-templates/page-blog.php:31
Stack trace:
#0 /var/www/html/wp-includes/template-loader.php(74): include()
#1 /var/www/html/wp-blog-header.php(19): require_once('/var/www/html/w...')
#2 /var/www/html/index.php(17): require('/var/www/html/w...')
#3 {main}
  thrown in /var/www/html/wp-content/themes/mv/page-templates/page-blog.php on line 31

2019-07-07T18:17:08+00:00 CRITICAL Uncaught Error: Call to undefined function paginate() in /var/www/html/wp-content/themes/mv/page-templates/page-blog.php:26
Stack trace:
#0 /var/www/html/wp-includes/template-loader.php(74): include()
#1 /var/www/html/wp-blog-header.php(19): require_once('/var/www/html/w...')
#2 /var/www/html/index.php(17): require('/var/www/html/w...')
#3 {main}
  thrown in /var/www/html/wp-content/themes/mv/page-templates/page-blog.php on line 26

2019-07-07T18:17:31+00:00 CRITICAL Uncaught Error: Call to undefined function paginate() in /var/www/html/wp-content/themes/mv/page-templates/page-blog.php:26
Stack trace:
#0 /var/www/html/wp-includes/template-loader.php(74): include()
#1 /var/www/html/wp-blog-header.php(19): require_once('/var/www/html/w...')
#2 /var/www/html/index.php(17): require('/var/www/html/w...')
#3 {main}
  thrown in /var/www/html/wp-content/themes/mv/page-templates/page-blog.php on line 26

2019-07-07T18:17:32+00:00 CRITICAL Uncaught Error: Call to undefined function paginate() in /var/www/html/wp-content/themes/mv/page-templates/page-blog.php:26
Stack trace:
#0 /var/www/html/wp-includes/template-loader.php(74): include()
#1 /var/www/html/wp-blog-header.php(19): require_once('/var/www/html/w...')
#2 /var/www/html/index.php(17): require('/var/www/html/w...')
#3 {main}
  thrown in /var/www/html/wp-content/themes/mv/page-templates/page-blog.php on line 26

2019-07-07T18:17:33+00:00 CRITICAL Uncaught Error: Call to undefined function paginate() in /var/www/html/wp-content/themes/mv/page-templates/page-blog.php:26
Stack trace:
#0 /var/www/html/wp-includes/template-loader.php(74): include()
#1 /var/www/html/wp-blog-header.php(19): require_once('/var/www/html/w...')
#2 /var/www/html/index.php(17): require('/var/www/html/w...')
#3 {main}
  thrown in /var/www/html/wp-content/themes/mv/page-templates/page-blog.php on line 26

2019-07-07T18:17:34+00:00 CRITICAL Uncaught Error: Call to undefined function paginate() in /var/www/html/wp-content/themes/mv/page-templates/page-blog.php:26
Stack trace:
#0 /var/www/html/wp-includes/template-loader.php(74): include()
#1 /var/www/html/wp-blog-header.php(19): require_once('/var/www/html/w...')
#2 /var/www/html/index.php(17): require('/var/www/html/w...')
#3 {main}
  thrown in /var/www/html/wp-content/themes/mv/page-templates/page-blog.php on line 26

2019-07-07T18:18:08+00:00 CRITICAL Uncaught Error: Call to undefined function paginate() in /var/www/html/wp-content/themes/mv/page-templates/page-blog.php:26
Stack trace:
#0 /var/www/html/wp-includes/template-loader.php(74): include()
#1 /var/www/html/wp-blog-header.php(19): require_once('/var/www/html/w...')
#2 /var/www/html/index.php(17): require('/var/www/html/w...')
#3 {main}
  thrown in /var/www/html/wp-content/themes/mv/page-templates/page-blog.php on line 26

2019-07-07T18:18:09+00:00 CRITICAL Uncaught Error: Call to undefined function paginate() in /var/www/html/wp-content/themes/mv/page-templates/page-blog.php:26
Stack trace:
#0 /var/www/html/wp-includes/template-loader.php(74): include()
#1 /var/www/html/wp-blog-header.php(19): require_once('/var/www/html/w...')
#2 /var/www/html/index.php(17): require('/var/www/html/w...')
#3 {main}
  thrown in /var/www/html/wp-content/themes/mv/page-templates/page-blog.php on line 26

2019-07-07T18:18:21+00:00 CRITICAL Uncaught Error: Call to undefined function paginate() in /var/www/html/wp-content/themes/mv/page-templates/page-blog.php:26
Stack trace:
#0 /var/www/html/wp-includes/template-loader.php(74): include()
#1 /var/www/html/wp-blog-header.php(19): require_once('/var/www/html/w...')
#2 /var/www/html/index.php(17): require('/var/www/html/w...')
#3 {main}
  thrown in /var/www/html/wp-content/themes/mv/page-templates/page-blog.php on line 26

2019-07-07T18:19:11+00:00 CRITICAL Uncaught Error: Call to undefined function paginate() in /var/www/html/wp-content/themes/mv/page-templates/page-blog.php:26
Stack trace:
#0 /var/www/html/wp-includes/template-loader.php(74): include()
#1 /var/www/html/wp-blog-header.php(19): require_once('/var/www/html/w...')
#2 /var/www/html/index.php(17): require('/var/www/html/w...')
#3 {main}
  thrown in /var/www/html/wp-content/themes/mv/page-templates/page-blog.php on line 26

2019-07-07T18:19:33+00:00 CRITICAL Uncaught Error: Call to undefined function paginate() in /var/www/html/wp-content/themes/mv/page-templates/page-blog.php:26
Stack trace:
#0 /var/www/html/wp-includes/template-loader.php(74): include()
#1 /var/www/html/wp-blog-header.php(19): require_once('/var/www/html/w...')
#2 /var/www/html/index.php(17): require('/var/www/html/w...')
#3 {main}
  thrown in /var/www/html/wp-content/themes/mv/page-templates/page-blog.php on line 26

2019-07-07T18:20:06+00:00 CRITICAL Uncaught Error: Call to undefined function paginate() in /var/www/html/wp-content/themes/mv/page-templates/page-blog.php:30
Stack trace:
#0 /var/www/html/wp-includes/template-loader.php(74): include()
#1 /var/www/html/wp-blog-header.php(19): require_once('/var/www/html/w...')
#2 /var/www/html/index.php(17): require('/var/www/html/w...')
#3 {main}
  thrown in /var/www/html/wp-content/themes/mv/page-templates/page-blog.php on line 30

2019-07-07T18:25:33+00:00 CRITICAL Uncaught Error: Call to undefined function paginate() in /var/www/html/wp-content/themes/mv/page-templates/page-blog.php:30
Stack trace:
#0 /var/www/html/wp-includes/template-loader.php(74): include()
#1 /var/www/html/wp-blog-header.php(19): require_once('/var/www/html/w...')
#2 /var/www/html/index.php(17): require('/var/www/html/w...')
#3 {main}
  thrown in /var/www/html/wp-content/themes/mv/page-templates/page-blog.php on line 30

2019-07-07T18:34:27+00:00 CRITICAL Uncaught Error: Call to undefined function paginate() in /var/www/html/wp-content/themes/mv/page-templates/page-blog.php:30
Stack trace:
#0 /var/www/html/wp-includes/template-loader.php(74): include()
#1 /var/www/html/wp-blog-header.php(19): require_once('/var/www/html/w...')
#2 /var/www/html/index.php(17): require('/var/www/html/w...')
#3 {main}
  thrown in /var/www/html/wp-content/themes/mv/page-templates/page-blog.php on line 30

2019-07-07T18:36:11+00:00 CRITICAL Uncaught Error: Call to undefined function paginate() in /var/www/html/wp-content/themes/mv/page-templates/page-blog.php:30
Stack trace:
#0 /var/www/html/wp-includes/template-loader.php(74): include()
#1 /var/www/html/wp-blog-header.php(19): require_once('/var/www/html/w...')
#2 /var/www/html/index.php(17): require('/var/www/html/w...')
#3 {main}
  thrown in /var/www/html/wp-content/themes/mv/page-templates/page-blog.php on line 30

2019-07-07T18:36:14+00:00 CRITICAL Uncaught Error: Call to undefined function paginate() in /var/www/html/wp-content/themes/mv/page-templates/page-blog.php:30
Stack trace:
#0 /var/www/html/wp-includes/template-loader.php(74): include()
#1 /var/www/html/wp-blog-header.php(19): require_once('/var/www/html/w...')
#2 /var/www/html/index.php(17): require('/var/www/html/w...')
#3 {main}
  thrown in /var/www/html/wp-content/themes/mv/page-templates/page-blog.php on line 30

2019-07-07T18:36:25+00:00 CRITICAL Uncaught Error: Call to undefined function paginate() in /var/www/html/wp-content/themes/mv/page-templates/page-blog.php:30
Stack trace:
#0 /var/www/html/wp-includes/template-loader.php(74): include()
#1 /var/www/html/wp-blog-header.php(19): require_once('/var/www/html/w...')
#2 /var/www/html/index.php(17): require('/var/www/html/w...')
#3 {main}
  thrown in /var/www/html/wp-content/themes/mv/page-templates/page-blog.php on line 30

2019-07-07T18:36:36+00:00 CRITICAL Uncaught Error: Call to undefined function paginate() in /var/www/html/wp-content/themes/mv/page-templates/page-blog.php:30
Stack trace:
#0 /var/www/html/wp-includes/template-loader.php(74): include()
#1 /var/www/html/wp-blog-header.php(19): require_once('/var/www/html/w...')
#2 /var/www/html/index.php(17): require('/var/www/html/w...')
#3 {main}
  thrown in /var/www/html/wp-content/themes/mv/page-templates/page-blog.php on line 30

2019-07-07T18:37:14+00:00 CRITICAL Uncaught Error: Call to undefined function paginate() in /var/www/html/wp-content/themes/mv/page-templates/page-blog.php:30
Stack trace:
#0 /var/www/html/wp-includes/template-loader.php(74): include()
#1 /var/www/html/wp-blog-header.php(19): require_once('/var/www/html/w...')
#2 /var/www/html/index.php(17): require('/var/www/html/w...')
#3 {main}
  thrown in /var/www/html/wp-content/themes/mv/page-templates/page-blog.php on line 30

2019-07-07T18:37:16+00:00 CRITICAL Uncaught Error: Call to undefined function paginate() in /var/www/html/wp-content/themes/mv/page-templates/page-blog.php:30
Stack trace:
#0 /var/www/html/wp-includes/template-loader.php(74): include()
#1 /var/www/html/wp-blog-header.php(19): require_once('/var/www/html/w...')
#2 /var/www/html/index.php(17): require('/var/www/html/w...')
#3 {main}
  thrown in /var/www/html/wp-content/themes/mv/page-templates/page-blog.php on line 30

2019-07-07T18:37:37+00:00 CRITICAL Uncaught Error: Call to undefined function paginate() in /var/www/html/wp-content/themes/mv/page-templates/page-blog.php:30
Stack trace:
#0 /var/www/html/wp-includes/template-loader.php(74): include()
#1 /var/www/html/wp-blog-header.php(19): require_once('/var/www/html/w...')
#2 /var/www/html/index.php(17): require('/var/www/html/w...')
#3 {main}
  thrown in /var/www/html/wp-content/themes/mv/page-templates/page-blog.php on line 30

2019-07-07T18:37:56+00:00 CRITICAL Uncaught Error: Call to undefined function paginate() in /var/www/html/wp-content/themes/mv/page-templates/page-blog.php:30
Stack trace:
#0 /var/www/html/wp-includes/template-loader.php(74): include()
#1 /var/www/html/wp-blog-header.php(19): require_once('/var/www/html/w...')
#2 /var/www/html/index.php(17): require('/var/www/html/w...')
#3 {main}
  thrown in /var/www/html/wp-content/themes/mv/page-templates/page-blog.php on line 30

2019-07-07T18:38:18+00:00 CRITICAL Uncaught Error: Call to undefined function paginate() in /var/www/html/wp-content/themes/mv/page-templates/page-blog.php:30
Stack trace:
#0 /var/www/html/wp-includes/template-loader.php(74): include()
#1 /var/www/html/wp-blog-header.php(19): require_once('/var/www/html/w...')
#2 /var/www/html/index.php(17): require('/var/www/html/w...')
#3 {main}
  thrown in /var/www/html/wp-content/themes/mv/page-templates/page-blog.php on line 30

2019-07-07T18:38:34+00:00 CRITICAL Uncaught Error: Call to undefined function paginate() in /var/www/html/wp-content/themes/mv/page-templates/page-blog.php:30
Stack trace:
#0 /var/www/html/wp-includes/template-loader.php(74): include()
#1 /var/www/html/wp-blog-header.php(19): require_once('/var/www/html/w...')
#2 /var/www/html/index.php(17): require('/var/www/html/w...')
#3 {main}
  thrown in /var/www/html/wp-content/themes/mv/page-templates/page-blog.php on line 30

