2019-03-14T01:19:52+00:00 CRITICAL Uncaught Error: Call to undefined function paginate() in /var/www/html/wp-content/themes/mv/page-templates/page-blog.php:27
Stack trace:
#0 /var/www/html/wp-includes/template-loader.php(74): include()
#1 /var/www/html/wp-blog-header.php(19): require_once('/var/www/html/w...')
#2 /var/www/html/index.php(17): require('/var/www/html/w...')
#3 {main}
  thrown in /var/www/html/wp-content/themes/mv/page-templates/page-blog.php on line 27

2019-03-14T04:47:20+00:00 CRITICAL Uncaught Error: Call to undefined function paginate() in /var/www/html/wp-content/themes/mv/page-templates/page-blog.php:27
Stack trace:
#0 /var/www/html/wp-includes/template-loader.php(74): include()
#1 /var/www/html/wp-blog-header.php(19): require_once('/var/www/html/w...')
#2 /var/www/html/index.php(17): require('/var/www/html/w...')
#3 {main}
  thrown in /var/www/html/wp-content/themes/mv/page-templates/page-blog.php on line 27

2019-03-14T05:04:30+00:00 CRITICAL Uncaught Error: Call to undefined function paginate() in /var/www/html/wp-content/themes/mv/page-templates/page-blog.php:27
Stack trace:
#0 /var/www/html/wp-includes/template-loader.php(74): include()
#1 /var/www/html/wp-blog-header.php(19): require_once('/var/www/html/w...')
#2 /var/www/html/index.php(17): require('/var/www/html/w...')
#3 {main}
  thrown in /var/www/html/wp-content/themes/mv/page-templates/page-blog.php on line 27

2019-03-14T05:05:03+00:00 CRITICAL Uncaught Error: Call to undefined function paginate() in /var/www/html/wp-content/themes/mv/page-templates/page-blog.php:27
Stack trace:
#0 /var/www/html/wp-includes/template-loader.php(74): include()
#1 /var/www/html/wp-blog-header.php(19): require_once('/var/www/html/w...')
#2 /var/www/html/index.php(17): require('/var/www/html/w...')
#3 {main}
  thrown in /var/www/html/wp-content/themes/mv/page-templates/page-blog.php on line 27

2019-03-14T05:05:09+00:00 CRITICAL Uncaught Error: Call to undefined function paginate() in /var/www/html/wp-content/themes/mv/page-templates/page-blog.php:27
Stack trace:
#0 /var/www/html/wp-includes/template-loader.php(74): include()
#1 /var/www/html/wp-blog-header.php(19): require_once('/var/www/html/w...')
#2 /var/www/html/index.php(17): require('/var/www/html/w...')
#3 {main}
  thrown in /var/www/html/wp-content/themes/mv/page-templates/page-blog.php on line 27

2019-03-14T05:05:18+00:00 CRITICAL Uncaught Error: Call to undefined function paginate() in /var/www/html/wp-content/themes/mv/page-templates/page-blog.php:27
Stack trace:
#0 /var/www/html/wp-includes/template-loader.php(74): include()
#1 /var/www/html/wp-blog-header.php(19): require_once('/var/www/html/w...')
#2 /var/www/html/index.php(17): require('/var/www/html/w...')
#3 {main}
  thrown in /var/www/html/wp-content/themes/mv/page-templates/page-blog.php on line 27

2019-03-14T05:05:18+00:00 CRITICAL Uncaught Error: Call to undefined function paginate() in /var/www/html/wp-content/themes/mv/page-templates/page-blog.php:27
Stack trace:
#0 /var/www/html/wp-includes/template-loader.php(74): include()
#1 /var/www/html/wp-blog-header.php(19): require_once('/var/www/html/w...')
#2 /var/www/html/index.php(17): require('/var/www/html/w...')
#3 {main}
  thrown in /var/www/html/wp-content/themes/mv/page-templates/page-blog.php on line 27

2019-03-14T05:08:05+00:00 CRITICAL Uncaught Error: Call to undefined function paginate() in /var/www/html/wp-content/themes/mv/page-templates/page-blog.php:27
Stack trace:
#0 /var/www/html/wp-includes/template-loader.php(74): include()
#1 /var/www/html/wp-blog-header.php(19): require_once('/var/www/html/w...')
#2 /var/www/html/index.php(17): require('/var/www/html/w...')
#3 {main}
  thrown in /var/www/html/wp-content/themes/mv/page-templates/page-blog.php on line 27

2019-03-14T05:08:05+00:00 CRITICAL Uncaught Error: Call to undefined function paginate() in /var/www/html/wp-content/themes/mv/page-templates/page-blog.php:27
Stack trace:
#0 /var/www/html/wp-includes/template-loader.php(74): include()
#1 /var/www/html/wp-blog-header.php(19): require_once('/var/www/html/w...')
#2 /var/www/html/index.php(17): require('/var/www/html/w...')
#3 {main}
  thrown in /var/www/html/wp-content/themes/mv/page-templates/page-blog.php on line 27

2019-03-14T05:08:41+00:00 CRITICAL Uncaught Error: Call to undefined function paginate() in /var/www/html/wp-content/themes/mv/page-templates/page-blog.php:27
Stack trace:
#0 /var/www/html/wp-includes/template-loader.php(74): include()
#1 /var/www/html/wp-blog-header.php(19): require_once('/var/www/html/w...')
#2 /var/www/html/index.php(17): require('/var/www/html/w...')
#3 {main}
  thrown in /var/www/html/wp-content/themes/mv/page-templates/page-blog.php on line 27

2019-03-14T05:08:48+00:00 CRITICAL Uncaught Error: Call to undefined function paginate() in /var/www/html/wp-content/themes/mv/page-templates/page-blog.php:27
Stack trace:
#0 /var/www/html/wp-includes/template-loader.php(74): include()
#1 /var/www/html/wp-blog-header.php(19): require_once('/var/www/html/w...')
#2 /var/www/html/index.php(17): require('/var/www/html/w...')
#3 {main}
  thrown in /var/www/html/wp-content/themes/mv/page-templates/page-blog.php on line 27

2019-03-14T05:09:21+00:00 CRITICAL Uncaught Error: Call to undefined function paginate() in /var/www/html/wp-content/themes/mv/page-templates/page-blog.php:27
Stack trace:
#0 /var/www/html/wp-includes/template-loader.php(74): include()
#1 /var/www/html/wp-blog-header.php(19): require_once('/var/www/html/w...')
#2 /var/www/html/index.php(17): require('/var/www/html/w...')
#3 {main}
  thrown in /var/www/html/wp-content/themes/mv/page-templates/page-blog.php on line 27

2019-03-14T05:09:30+00:00 CRITICAL Uncaught Error: Call to undefined function paginate() in /var/www/html/wp-content/themes/mv/page-templates/page-blog.php:27
Stack trace:
#0 /var/www/html/wp-includes/template-loader.php(74): include()
#1 /var/www/html/wp-blog-header.php(19): require_once('/var/www/html/w...')
#2 /var/www/html/index.php(17): require('/var/www/html/w...')
#3 {main}
  thrown in /var/www/html/wp-content/themes/mv/page-templates/page-blog.php on line 27

2019-03-14T05:11:27+00:00 CRITICAL Uncaught Error: Call to undefined function paginate() in /var/www/html/wp-content/themes/mv/page-templates/page-blog.php:27
Stack trace:
#0 /var/www/html/wp-includes/template-loader.php(74): include()
#1 /var/www/html/wp-blog-header.php(19): require_once('/var/www/html/w...')
#2 /var/www/html/index.php(17): require('/var/www/html/w...')
#3 {main}
  thrown in /var/www/html/wp-content/themes/mv/page-templates/page-blog.php on line 27

2019-03-14T05:11:29+00:00 CRITICAL Uncaught Error: Call to undefined function paginate() in /var/www/html/wp-content/themes/mv/page-templates/page-blog.php:27
Stack trace:
#0 /var/www/html/wp-includes/template-loader.php(74): include()
#1 /var/www/html/wp-blog-header.php(19): require_once('/var/www/html/w...')
#2 /var/www/html/index.php(17): require('/var/www/html/w...')
#3 {main}
  thrown in /var/www/html/wp-content/themes/mv/page-templates/page-blog.php on line 27

2019-03-14T05:11:40+00:00 CRITICAL Uncaught Error: Call to undefined function paginate() in /var/www/html/wp-content/themes/mv/page-templates/page-blog.php:27
Stack trace:
#0 /var/www/html/wp-includes/template-loader.php(74): include()
#1 /var/www/html/wp-blog-header.php(19): require_once('/var/www/html/w...')
#2 /var/www/html/index.php(17): require('/var/www/html/w...')
#3 {main}
  thrown in /var/www/html/wp-content/themes/mv/page-templates/page-blog.php on line 27

2019-03-14T05:11:42+00:00 CRITICAL Uncaught Error: Call to undefined function paginate() in /var/www/html/wp-content/themes/mv/page-templates/page-blog.php:27
Stack trace:
#0 /var/www/html/wp-includes/template-loader.php(74): include()
#1 /var/www/html/wp-blog-header.php(19): require_once('/var/www/html/w...')
#2 /var/www/html/index.php(17): require('/var/www/html/w...')
#3 {main}
  thrown in /var/www/html/wp-content/themes/mv/page-templates/page-blog.php on line 27

2019-03-14T05:12:09+00:00 CRITICAL Uncaught Error: Call to undefined function paginate() in /var/www/html/wp-content/themes/mv/page-templates/page-blog.php:27
Stack trace:
#0 /var/www/html/wp-includes/template-loader.php(74): include()
#1 /var/www/html/wp-blog-header.php(19): require_once('/var/www/html/w...')
#2 /var/www/html/index.php(17): require('/var/www/html/w...')
#3 {main}
  thrown in /var/www/html/wp-content/themes/mv/page-templates/page-blog.php on line 27

2019-03-14T05:12:12+00:00 CRITICAL Uncaught Error: Call to undefined function paginate() in /var/www/html/wp-content/themes/mv/page-templates/page-blog.php:27
Stack trace:
#0 /var/www/html/wp-includes/template-loader.php(74): include()
#1 /var/www/html/wp-blog-header.php(19): require_once('/var/www/html/w...')
#2 /var/www/html/index.php(17): require('/var/www/html/w...')
#3 {main}
  thrown in /var/www/html/wp-content/themes/mv/page-templates/page-blog.php on line 27

2019-03-14T05:18:15+00:00 CRITICAL Uncaught Error: Call to undefined function paginate() in /var/www/html/wp-content/themes/mv/page-templates/page-blog.php:27
Stack trace:
#0 /var/www/html/wp-includes/template-loader.php(74): include()
#1 /var/www/html/wp-blog-header.php(19): require_once('/var/www/html/w...')
#2 /var/www/html/index.php(17): require('/var/www/html/w...')
#3 {main}
  thrown in /var/www/html/wp-content/themes/mv/page-templates/page-blog.php on line 27

2019-03-14T05:23:58+00:00 CRITICAL Uncaught Error: Call to undefined function paginate() in /var/www/html/wp-content/themes/mv/page-templates/page-blog.php:27
Stack trace:
#0 /var/www/html/wp-includes/template-loader.php(74): include()
#1 /var/www/html/wp-blog-header.php(19): require_once('/var/www/html/w...')
#2 /var/www/html/index.php(17): require('/var/www/html/w...')
#3 {main}
  thrown in /var/www/html/wp-content/themes/mv/page-templates/page-blog.php on line 27

2019-03-14T05:40:19+00:00 CRITICAL Uncaught Error: Call to undefined function paginate() in /var/www/html/wp-content/themes/mv/page-templates/page-blog.php:27
Stack trace:
#0 /var/www/html/wp-includes/template-loader.php(74): include()
#1 /var/www/html/wp-blog-header.php(19): require_once('/var/www/html/w...')
#2 /var/www/html/index.php(17): require('/var/www/html/w...')
#3 {main}
  thrown in /var/www/html/wp-content/themes/mv/page-templates/page-blog.php on line 27

