2019-02-22T03:10:06+00:00 CRITICAL Uncaught Error: Call to undefined function paginate() in /var/www/html/wp-content/themes/mv/page-templates/page-blog.php:27
Stack trace:
#0 /var/www/html/wp-includes/template-loader.php(74): include()
#1 /var/www/html/wp-blog-header.php(19): require_once('/var/www/html/w...')
#2 /var/www/html/index.php(17): require('/var/www/html/w...')
#3 {main}
  thrown in /var/www/html/wp-content/themes/mv/page-templates/page-blog.php on line 27

2019-02-22T03:10:49+00:00 CRITICAL Uncaught Error: Call to undefined function paginate() in /var/www/html/wp-content/themes/mv/page-templates/page-blog.php:27
Stack trace:
#0 /var/www/html/wp-includes/template-loader.php(74): include()
#1 /var/www/html/wp-blog-header.php(19): require_once('/var/www/html/w...')
#2 /var/www/html/index.php(17): require('/var/www/html/w...')
#3 {main}
  thrown in /var/www/html/wp-content/themes/mv/page-templates/page-blog.php on line 27

2019-02-22T03:10:51+00:00 CRITICAL Uncaught Error: Call to undefined function paginate() in /var/www/html/wp-content/themes/mv/page-templates/page-blog.php:27
Stack trace:
#0 /var/www/html/wp-includes/template-loader.php(74): include()
#1 /var/www/html/wp-blog-header.php(19): require_once('/var/www/html/w...')
#2 /var/www/html/index.php(17): require('/var/www/html/w...')
#3 {main}
  thrown in /var/www/html/wp-content/themes/mv/page-templates/page-blog.php on line 27

2019-02-22T03:11:37+00:00 CRITICAL Uncaught Error: Call to undefined function paginate() in /var/www/html/wp-content/themes/mv/page-templates/page-blog.php:27
Stack trace:
#0 /var/www/html/wp-includes/template-loader.php(74): include()
#1 /var/www/html/wp-blog-header.php(19): require_once('/var/www/html/w...')
#2 /var/www/html/index.php(17): require('/var/www/html/w...')
#3 {main}
  thrown in /var/www/html/wp-content/themes/mv/page-templates/page-blog.php on line 27

2019-02-22T03:41:39+00:00 CRITICAL Uncaught Error: Call to undefined function paginate() in /var/www/html/wp-content/themes/mv/page-templates/page-blog.php:27
Stack trace:
#0 /var/www/html/wp-includes/template-loader.php(74): include()
#1 /var/www/html/wp-blog-header.php(19): require_once('/var/www/html/w...')
#2 /var/www/html/index.php(17): require('/var/www/html/w...')
#3 {main}
  thrown in /var/www/html/wp-content/themes/mv/page-templates/page-blog.php on line 27

2019-02-22T03:42:47+00:00 CRITICAL Uncaught Error: Call to undefined function paginate() in /var/www/html/wp-content/themes/mv/page-templates/page-blog.php:27
Stack trace:
#0 /var/www/html/wp-includes/template-loader.php(74): include()
#1 /var/www/html/wp-blog-header.php(19): require_once('/var/www/html/w...')
#2 /var/www/html/index.php(17): require('/var/www/html/w...')
#3 {main}
  thrown in /var/www/html/wp-content/themes/mv/page-templates/page-blog.php on line 27

2019-02-22T03:42:51+00:00 CRITICAL Uncaught Error: Call to undefined function paginate() in /var/www/html/wp-content/themes/mv/page-templates/page-blog.php:27
Stack trace:
#0 /var/www/html/wp-includes/template-loader.php(74): include()
#1 /var/www/html/wp-blog-header.php(19): require_once('/var/www/html/w...')
#2 /var/www/html/index.php(17): require('/var/www/html/w...')
#3 {main}
  thrown in /var/www/html/wp-content/themes/mv/page-templates/page-blog.php on line 27

2019-02-22T03:42:51+00:00 CRITICAL Uncaught Error: Call to undefined function paginate() in /var/www/html/wp-content/themes/mv/page-templates/page-blog.php:27
Stack trace:
#0 /var/www/html/wp-includes/template-loader.php(74): include()
#1 /var/www/html/wp-blog-header.php(19): require_once('/var/www/html/w...')
#2 /var/www/html/index.php(17): require('/var/www/html/w...')
#3 {main}
  thrown in /var/www/html/wp-content/themes/mv/page-templates/page-blog.php on line 27

2019-02-22T03:44:14+00:00 CRITICAL Uncaught Error: Call to undefined function paginate() in /var/www/html/wp-content/themes/mv/page-templates/page-blog.php:27
Stack trace:
#0 /var/www/html/wp-includes/template-loader.php(74): include()
#1 /var/www/html/wp-blog-header.php(19): require_once('/var/www/html/w...')
#2 /var/www/html/index.php(17): require('/var/www/html/w...')
#3 {main}
  thrown in /var/www/html/wp-content/themes/mv/page-templates/page-blog.php on line 27

2019-02-22T03:44:42+00:00 CRITICAL Uncaught Error: Call to undefined function paginate() in /var/www/html/wp-content/themes/mv/page-templates/page-blog.php:27
Stack trace:
#0 /var/www/html/wp-includes/template-loader.php(74): include()
#1 /var/www/html/wp-blog-header.php(19): require_once('/var/www/html/w...')
#2 /var/www/html/index.php(17): require('/var/www/html/w...')
#3 {main}
  thrown in /var/www/html/wp-content/themes/mv/page-templates/page-blog.php on line 27

2019-02-22T03:45:43+00:00 CRITICAL Uncaught Error: Call to undefined function paginate() in /var/www/html/wp-content/themes/mv/page-templates/page-blog.php:27
Stack trace:
#0 /var/www/html/wp-includes/template-loader.php(74): include()
#1 /var/www/html/wp-blog-header.php(19): require_once('/var/www/html/w...')
#2 /var/www/html/index.php(17): require('/var/www/html/w...')
#3 {main}
  thrown in /var/www/html/wp-content/themes/mv/page-templates/page-blog.php on line 27

2019-02-22T03:45:47+00:00 CRITICAL Uncaught Error: Call to undefined function paginate() in /var/www/html/wp-content/themes/mv/page-templates/page-blog.php:27
Stack trace:
#0 /var/www/html/wp-includes/template-loader.php(74): include()
#1 /var/www/html/wp-blog-header.php(19): require_once('/var/www/html/w...')
#2 /var/www/html/index.php(17): require('/var/www/html/w...')
#3 {main}
  thrown in /var/www/html/wp-content/themes/mv/page-templates/page-blog.php on line 27

2019-02-22T03:45:53+00:00 CRITICAL Uncaught Error: Call to undefined function paginate() in /var/www/html/wp-content/themes/mv/page-templates/page-blog.php:27
Stack trace:
#0 /var/www/html/wp-includes/template-loader.php(74): include()
#1 /var/www/html/wp-blog-header.php(19): require_once('/var/www/html/w...')
#2 /var/www/html/index.php(17): require('/var/www/html/w...')
#3 {main}
  thrown in /var/www/html/wp-content/themes/mv/page-templates/page-blog.php on line 27

2019-02-22T03:45:53+00:00 CRITICAL Uncaught Error: Call to undefined function paginate() in /var/www/html/wp-content/themes/mv/page-templates/page-blog.php:27
Stack trace:
#0 /var/www/html/wp-includes/template-loader.php(74): include()
#1 /var/www/html/wp-blog-header.php(19): require_once('/var/www/html/w...')
#2 /var/www/html/index.php(17): require('/var/www/html/w...')
#3 {main}
  thrown in /var/www/html/wp-content/themes/mv/page-templates/page-blog.php on line 27

2019-02-22T03:45:53+00:00 CRITICAL Uncaught Error: Call to undefined function paginate() in /var/www/html/wp-content/themes/mv/page-templates/page-blog.php:27
Stack trace:
#0 /var/www/html/wp-includes/template-loader.php(74): include()
#1 /var/www/html/wp-blog-header.php(19): require_once('/var/www/html/w...')
#2 /var/www/html/index.php(17): require('/var/www/html/w...')
#3 {main}
  thrown in /var/www/html/wp-content/themes/mv/page-templates/page-blog.php on line 27

2019-02-22T04:09:47+00:00 CRITICAL Uncaught Error: Call to undefined function paginate() in /var/www/html/wp-content/themes/mv/page-templates/page-blog.php:27
Stack trace:
#0 /var/www/html/wp-includes/template-loader.php(74): include()
#1 /var/www/html/wp-blog-header.php(19): require_once('/var/www/html/w...')
#2 /var/www/html/index.php(17): require('/var/www/html/w...')
#3 {main}
  thrown in /var/www/html/wp-content/themes/mv/page-templates/page-blog.php on line 27

