2019-02-26T02:32:48+00:00 CRITICAL Uncaught Error: Call to undefined function paginate() in /var/www/html/wp-content/themes/mv/page-templates/page-blog.php:27
Stack trace:
#0 /var/www/html/wp-includes/template-loader.php(74): include()
#1 /var/www/html/wp-blog-header.php(19): require_once('/var/www/html/w...')
#2 /var/www/html/index.php(17): require('/var/www/html/w...')
#3 {main}
  thrown in /var/www/html/wp-content/themes/mv/page-templates/page-blog.php on line 27

2019-02-26T03:40:35+00:00 CRITICAL Uncaught Error: Call to undefined function paginate() in /var/www/html/wp-content/themes/mv/page-templates/page-blog.php:27
Stack trace:
#0 /var/www/html/wp-includes/template-loader.php(74): include()
#1 /var/www/html/wp-blog-header.php(19): require_once('/var/www/html/w...')
#2 /var/www/html/index.php(17): require('/var/www/html/w...')
#3 {main}
  thrown in /var/www/html/wp-content/themes/mv/page-templates/page-blog.php on line 27

2019-02-26T03:40:58+00:00 CRITICAL Uncaught Error: Call to undefined function paginate() in /var/www/html/wp-content/themes/mv/page-templates/page-blog.php:27
Stack trace:
#0 /var/www/html/wp-includes/template-loader.php(74): include()
#1 /var/www/html/wp-blog-header.php(19): require_once('/var/www/html/w...')
#2 /var/www/html/index.php(17): require('/var/www/html/w...')
#3 {main}
  thrown in /var/www/html/wp-content/themes/mv/page-templates/page-blog.php on line 27

2019-02-26T03:46:01+00:00 CRITICAL Uncaught Error: Call to undefined function paginate() in /var/www/html/wp-content/themes/mv/page-templates/page-blog.php:27
Stack trace:
#0 /var/www/html/wp-includes/template-loader.php(74): include()
#1 /var/www/html/wp-blog-header.php(19): require_once('/var/www/html/w...')
#2 /var/www/html/index.php(17): require('/var/www/html/w...')
#3 {main}
  thrown in /var/www/html/wp-content/themes/mv/page-templates/page-blog.php on line 27

2019-02-26T03:46:14+00:00 CRITICAL Uncaught Error: Call to undefined function paginate() in /var/www/html/wp-content/themes/mv/page-templates/page-blog.php:27
Stack trace:
#0 /var/www/html/wp-includes/template-loader.php(74): include()
#1 /var/www/html/wp-blog-header.php(19): require_once('/var/www/html/w...')
#2 /var/www/html/index.php(17): require('/var/www/html/w...')
#3 {main}
  thrown in /var/www/html/wp-content/themes/mv/page-templates/page-blog.php on line 27

2019-02-26T03:47:05+00:00 CRITICAL Uncaught Error: Call to undefined function paginate() in /var/www/html/wp-content/themes/mv/page-templates/page-blog.php:27
Stack trace:
#0 /var/www/html/wp-includes/template-loader.php(74): include()
#1 /var/www/html/wp-blog-header.php(19): require_once('/var/www/html/w...')
#2 /var/www/html/index.php(17): require('/var/www/html/w...')
#3 {main}
  thrown in /var/www/html/wp-content/themes/mv/page-templates/page-blog.php on line 27

2019-02-26T03:47:45+00:00 CRITICAL Uncaught Error: Call to undefined function paginate() in /var/www/html/wp-content/themes/mv/page-templates/page-blog.php:27
Stack trace:
#0 /var/www/html/wp-includes/template-loader.php(74): include()
#1 /var/www/html/wp-blog-header.php(19): require_once('/var/www/html/w...')
#2 /var/www/html/index.php(17): require('/var/www/html/w...')
#3 {main}
  thrown in /var/www/html/wp-content/themes/mv/page-templates/page-blog.php on line 27

2019-02-26T03:51:06+00:00 CRITICAL Uncaught Error: Call to undefined function paginate() in /var/www/html/wp-content/themes/mv/page-templates/page-blog.php:27
Stack trace:
#0 /var/www/html/wp-includes/template-loader.php(74): include()
#1 /var/www/html/wp-blog-header.php(19): require_once('/var/www/html/w...')
#2 /var/www/html/index.php(17): require('/var/www/html/w...')
#3 {main}
  thrown in /var/www/html/wp-content/themes/mv/page-templates/page-blog.php on line 27

2019-02-26T03:54:24+00:00 CRITICAL Uncaught Error: Call to undefined function paginate() in /var/www/html/wp-content/themes/mv/page-templates/page-blog.php:27
Stack trace:
#0 /var/www/html/wp-includes/template-loader.php(74): include()
#1 /var/www/html/wp-blog-header.php(19): require_once('/var/www/html/w...')
#2 /var/www/html/index.php(17): require('/var/www/html/w...')
#3 {main}
  thrown in /var/www/html/wp-content/themes/mv/page-templates/page-blog.php on line 27

2019-02-26T03:58:19+00:00 CRITICAL Uncaught Error: Call to undefined function paginate() in /var/www/html/wp-content/themes/mv/page-templates/page-blog.php:27
Stack trace:
#0 /var/www/html/wp-includes/template-loader.php(74): include()
#1 /var/www/html/wp-blog-header.php(19): require_once('/var/www/html/w...')
#2 /var/www/html/index.php(17): require('/var/www/html/w...')
#3 {main}
  thrown in /var/www/html/wp-content/themes/mv/page-templates/page-blog.php on line 27

2019-02-26T04:01:09+00:00 CRITICAL Uncaught Error: Call to undefined function paginate() in /var/www/html/wp-content/themes/mv/page-templates/page-blog.php:27
Stack trace:
#0 /var/www/html/wp-includes/template-loader.php(74): include()
#1 /var/www/html/wp-blog-header.php(19): require_once('/var/www/html/w...')
#2 /var/www/html/index.php(17): require('/var/www/html/w...')
#3 {main}
  thrown in /var/www/html/wp-content/themes/mv/page-templates/page-blog.php on line 27

2019-02-26T04:01:10+00:00 CRITICAL Uncaught Error: Call to undefined function paginate() in /var/www/html/wp-content/themes/mv/page-templates/page-blog.php:27
Stack trace:
#0 /var/www/html/wp-includes/template-loader.php(74): include()
#1 /var/www/html/wp-blog-header.php(19): require_once('/var/www/html/w...')
#2 /var/www/html/index.php(17): require('/var/www/html/w...')
#3 {main}
  thrown in /var/www/html/wp-content/themes/mv/page-templates/page-blog.php on line 27

2019-02-26T04:01:26+00:00 CRITICAL Uncaught Error: Call to undefined function paginate() in /var/www/html/wp-content/themes/mv/page-templates/page-blog.php:27
Stack trace:
#0 /var/www/html/wp-includes/template-loader.php(74): include()
#1 /var/www/html/wp-blog-header.php(19): require_once('/var/www/html/w...')
#2 /var/www/html/index.php(17): require('/var/www/html/w...')
#3 {main}
  thrown in /var/www/html/wp-content/themes/mv/page-templates/page-blog.php on line 27

2019-02-26T04:01:42+00:00 CRITICAL Uncaught Error: Call to undefined function paginate() in /var/www/html/wp-content/themes/mv/page-templates/page-blog.php:27
Stack trace:
#0 /var/www/html/wp-includes/template-loader.php(74): include()
#1 /var/www/html/wp-blog-header.php(19): require_once('/var/www/html/w...')
#2 /var/www/html/index.php(17): require('/var/www/html/w...')
#3 {main}
  thrown in /var/www/html/wp-content/themes/mv/page-templates/page-blog.php on line 27

2019-02-26T04:01:43+00:00 CRITICAL Uncaught Error: Call to undefined function paginate() in /var/www/html/wp-content/themes/mv/page-templates/page-blog.php:27
Stack trace:
#0 /var/www/html/wp-includes/template-loader.php(74): include()
#1 /var/www/html/wp-blog-header.php(19): require_once('/var/www/html/w...')
#2 /var/www/html/index.php(17): require('/var/www/html/w...')
#3 {main}
  thrown in /var/www/html/wp-content/themes/mv/page-templates/page-blog.php on line 27

2019-02-26T04:02:30+00:00 CRITICAL Uncaught Error: Call to undefined function paginate() in /var/www/html/wp-content/themes/mv/page-templates/page-blog.php:27
Stack trace:
#0 /var/www/html/wp-includes/template-loader.php(74): include()
#1 /var/www/html/wp-blog-header.php(19): require_once('/var/www/html/w...')
#2 /var/www/html/index.php(17): require('/var/www/html/w...')
#3 {main}
  thrown in /var/www/html/wp-content/themes/mv/page-templates/page-blog.php on line 27

2019-02-26T04:03:04+00:00 CRITICAL Uncaught Error: Call to undefined function paginate() in /var/www/html/wp-content/themes/mv/page-templates/page-blog.php:27
Stack trace:
#0 /var/www/html/wp-includes/template-loader.php(74): include()
#1 /var/www/html/wp-blog-header.php(19): require_once('/var/www/html/w...')
#2 /var/www/html/index.php(17): require('/var/www/html/w...')
#3 {main}
  thrown in /var/www/html/wp-content/themes/mv/page-templates/page-blog.php on line 27

2019-02-26T04:03:14+00:00 CRITICAL Uncaught Error: Call to undefined function paginate() in /var/www/html/wp-content/themes/mv/page-templates/page-blog.php:27
Stack trace:
#0 /var/www/html/wp-includes/template-loader.php(74): include()
#1 /var/www/html/wp-blog-header.php(19): require_once('/var/www/html/w...')
#2 /var/www/html/index.php(17): require('/var/www/html/w...')
#3 {main}
  thrown in /var/www/html/wp-content/themes/mv/page-templates/page-blog.php on line 27

2019-02-26T04:03:27+00:00 CRITICAL Uncaught Error: Call to undefined function paginate() in /var/www/html/wp-content/themes/mv/page-templates/page-blog.php:27
Stack trace:
#0 /var/www/html/wp-includes/template-loader.php(74): include()
#1 /var/www/html/wp-blog-header.php(19): require_once('/var/www/html/w...')
#2 /var/www/html/index.php(17): require('/var/www/html/w...')
#3 {main}
  thrown in /var/www/html/wp-content/themes/mv/page-templates/page-blog.php on line 27

2019-02-26T04:03:35+00:00 CRITICAL Uncaught Error: Call to undefined function paginate() in /var/www/html/wp-content/themes/mv/page-templates/page-blog.php:27
Stack trace:
#0 /var/www/html/wp-includes/template-loader.php(74): include()
#1 /var/www/html/wp-blog-header.php(19): require_once('/var/www/html/w...')
#2 /var/www/html/index.php(17): require('/var/www/html/w...')
#3 {main}
  thrown in /var/www/html/wp-content/themes/mv/page-templates/page-blog.php on line 27

